2021-07-18 11:59:42 info: ------------------------------------------------------
2021-07-18 11:59:42 info: >>> Running Unit Test `ex1-doubleEvenNumbers.test` <<<
2021-07-18 11:59:42 info: ------------------------------------------------------
2021-07-18 11:59:52 info: All unit tests passed.
2021-07-18 11:59:57 info: All steps were completed successfully
2021-07-18 07:34:38 info: -------------------------------------------------
2021-07-18 07:34:38 info: >>> Running Unit Test `ex2-mondaysWorth.test` <<<
2021-07-18 07:34:38 info: -------------------------------------------------
2021-07-18 07:34:49 error: *** Unit Test Error Report ***

Command failed: npx jest "D:\HYF-homework-JS\Homework-class33\1-JavaScript\Week4\homework\ex2-mondaysWorth.test.js" --colors
 FAIL  1-JavaScript/Week4/homework/ex2-mondaysWorth.test.js
  computeEarnings
    × should take two parameters (6 ms)
    × should compute the earnings as a formatted Euro amount (2 ms)

  ● computeEarnings › should take two parameters

    expect(received).toHaveLength(expected)

    Expected length:   2
    Received length:   0
    Received function: [Function computeEarnings]

      39 |     // The `.length` property indicates the number of parameters expected by
      40 |     // the function.
    > 41 |     expect(computeEarnings).toHaveLength(2);
         |                             ^
      42 |   });
      43 | 
      44 |   test('should compute the earnings as a formatted Euro amount', () => {

      at Object.<anonymous> (1-JavaScript/Week4/homework/ex2-mondaysWorth.test.js:41:29)

  ● computeEarnings › should compute the earnings as a formatted Euro amount

    expect(received).toBe(expected) // Object.is equality

    Expected: "€187.50"
    Received: undefined

      45 |     const result = computeEarnings(mondayTasks, hourlyRate);
      46 |     const expected = '€187.50';
    > 47 |     expect(result).toBe(expected);
         |                    ^
      48 |   });
      49 | });
      50 | 

      at Object.<anonymous> (1-JavaScript/Week4/homework/ex2-mondaysWorth.test.js:47:20)

Test Suites: 1 failed, 1 total
Tests:       2 failed, 2 total
Snapshots:   0 total
Time:        6.709 s
Ran all test suites matching /D:\\HYF-homework-JS\\Homework-class33\\1-JavaScript\\Week4\\homework\\ex2-mondaysWorth.test.js/i.
npm ERR! code 1
npm ERR! path D:\HYF-homework-JS\Homework-class33
npm ERR! command failed
npm ERR! command C:\WINDOWS\system32\cmd.exe /d /s /c jest D:\\HYF-homework-JS\\Homework-class33\\1-JavaScript\\Week4\\homework\\ex2-mondaysWorth.test.js --colors

npm ERR! A complete log of this run can be found in:
npm ERR!     C:\Users\31610\AppData\Local\npm-cache\_logs\2021-07-18T17_34_49_587Z-debug.log
)
2021-07-18 07:36:33 info: -------------------------------------------------
2021-07-18 07:36:33 info: >>> Running Unit Test `ex2-mondaysWorth.test` <<<
2021-07-18 07:36:33 info: -------------------------------------------------
2021-07-18 07:36:37 error: *** Unit Test Error Report ***

Command failed: npx jest "D:\HYF-homework-JS\Homework-class33\1-JavaScript\Week4\homework\ex2-mondaysWorth.test.js" --colors
 FAIL  1-JavaScript/Week4/homework/ex2-mondaysWorth.test.js
  computeEarnings
    × should take two parameters (5 ms)
    × should compute the earnings as a formatted Euro amount (2 ms)

  ● computeEarnings › should take two parameters

    expect(received).toHaveLength(expected)

    Expected length:   2
    Received length:   0
    Received function: [Function computeEarnings]

      39 |     // The `.length` property indicates the number of parameters expected by
      40 |     // the function.
    > 41 |     expect(computeEarnings).toHaveLength(2);
         |                             ^
      42 |   });
      43 | 
      44 |   test('should compute the earnings as a formatted Euro amount', () => {

      at Object.<anonymous> (1-JavaScript/Week4/homework/ex2-mondaysWorth.test.js:41:29)

  ● computeEarnings › should compute the earnings as a formatted Euro amount

    expect(received).toBe(expected) // Object.is equality

    Expected: "€187.50"
    Received: undefined

      45 |     const result = computeEarnings(mondayTasks, hourlyRate);
      46 |     const expected = '€187.50';
    > 47 |     expect(result).toBe(expected);
         |                    ^
      48 |   });
      49 | });
      50 | 

      at Object.<anonymous> (1-JavaScript/Week4/homework/ex2-mondaysWorth.test.js:47:20)

Test Suites: 1 failed, 1 total
Tests:       2 failed, 2 total
Snapshots:   0 total
Time:        1.908 s, estimated 2 s
Ran all test suites matching /D:\\HYF-homework-JS\\Homework-class33\\1-JavaScript\\Week4\\homework\\ex2-mondaysWorth.test.js/i.
npm ERR! code 1
npm ERR! path D:\HYF-homework-JS\Homework-class33
npm ERR! command failed
npm ERR! command C:\WINDOWS\system32\cmd.exe /d /s /c jest D:\\HYF-homework-JS\\Homework-class33\\1-JavaScript\\Week4\\homework\\ex2-mondaysWorth.test.js --colors

npm ERR! A complete log of this run can be found in:
npm ERR!     C:\Users\31610\AppData\Local\npm-cache\_logs\2021-07-18T17_36_37_387Z-debug.log
)
2021-07-18 07:37:23 info: -------------------------------------------------
2021-07-18 07:37:23 info: >>> Running Unit Test `ex2-mondaysWorth.test` <<<
2021-07-18 07:37:23 info: -------------------------------------------------
2021-07-18 07:37:28 error: *** Unit Test Error Report ***

Command failed: npx jest "D:\HYF-homework-JS\Homework-class33\1-JavaScript\Week4\homework\ex2-mondaysWorth.test.js" --colors
 FAIL  1-JavaScript/Week4/homework/ex2-mondaysWorth.test.js
  computeEarnings
    √ should take two parameters (3 ms)
    × should compute the earnings as a formatted Euro amount (3 ms)

  ● computeEarnings › should compute the earnings as a formatted Euro amount

    expect(received).toBe(expected) // Object.is equality

    Expected: "€187.50"
    Received: undefined

      45 |     const result = computeEarnings(mondayTasks, hourlyRate);
      46 |     const expected = '€187.50';
    > 47 |     expect(result).toBe(expected);
         |                    ^
      48 |   });
      49 | });
      50 | 

      at Object.<anonymous> (1-JavaScript/Week4/homework/ex2-mondaysWorth.test.js:47:20)

Test Suites: 1 failed, 1 total
Tests:       1 failed, 1 passed, 2 total
Snapshots:   0 total
Time:        2.144 s
Ran all test suites matching /D:\\HYF-homework-JS\\Homework-class33\\1-JavaScript\\Week4\\homework\\ex2-mondaysWorth.test.js/i.
npm ERR! code 1
npm ERR! path D:\HYF-homework-JS\Homework-class33
npm ERR! command failed
npm ERR! command C:\WINDOWS\system32\cmd.exe /d /s /c jest D:\\HYF-homework-JS\\Homework-class33\\1-JavaScript\\Week4\\homework\\ex2-mondaysWorth.test.js --colors

npm ERR! A complete log of this run can be found in:
npm ERR!     C:\Users\31610\AppData\Local\npm-cache\_logs\2021-07-18T17_37_28_247Z-debug.log
)
2021-07-18 07:37:30 error: *** ESLint Report ***

ex2-mondaysWorth.test.js
  32:26  error  'tasks' is defined but never used  no-unused-vars
  32:32  error  'rate' is defined but never used   no-unused-vars

✖ 2 problems (2 errors, 0 warnings)


2021-07-18 07:43:27 info: -------------------------------------------------
2021-07-18 07:43:27 info: >>> Running Unit Test `ex2-mondaysWorth.test` <<<
2021-07-18 07:43:27 info: -------------------------------------------------
2021-07-18 07:43:32 error: *** Unit Test Error Report ***

Command failed: npx jest "D:\HYF-homework-JS\Homework-class33\1-JavaScript\Week4\homework\ex2-mondaysWorth.test.js" --colors
 FAIL  1-JavaScript/Week4/homework/ex2-mondaysWorth.test.js
  computeEarnings
    √ should take two parameters (3 ms)
    × should compute the earnings as a formatted Euro amount (4 ms)

  ● computeEarnings › should compute the earnings as a formatted Euro amount

    expect(received).toBe(expected) // Object.is equality

    Expected: "€187.50"
    Received: NaN

      48 |     const result = computeEarnings(mondayTasks, hourlyRate);
      49 |     const expected = '€187.50';
    > 50 |     expect(result).toBe(expected);
         |                    ^
      51 |   });
      52 | });
      53 | 

      at Object.<anonymous> (1-JavaScript/Week4/homework/ex2-mondaysWorth.test.js:50:20)

Test Suites: 1 failed, 1 total
Tests:       1 failed, 1 passed, 2 total
Snapshots:   0 total
Time:        2.236 s
Ran all test suites matching /D:\\HYF-homework-JS\\Homework-class33\\1-JavaScript\\Week4\\homework\\ex2-mondaysWorth.test.js/i.
npm ERR! code 1
npm ERR! path D:\HYF-homework-JS\Homework-class33
npm ERR! command failed
npm ERR! command C:\WINDOWS\system32\cmd.exe /d /s /c jest D:\\HYF-homework-JS\\Homework-class33\\1-JavaScript\\Week4\\homework\\ex2-mondaysWorth.test.js --colors

npm ERR! A complete log of this run can be found in:
npm ERR!     C:\Users\31610\AppData\Local\npm-cache\_logs\2021-07-18T17_43_31_975Z-debug.log
)
2021-07-18 07:45:42 info: -------------------------------------------------
2021-07-18 07:45:42 info: >>> Running Unit Test `ex2-mondaysWorth.test` <<<
2021-07-18 07:45:42 info: -------------------------------------------------
2021-07-18 07:45:46 error: *** Unit Test Error Report ***

Command failed: npx jest "D:\HYF-homework-JS\Homework-class33\1-JavaScript\Week4\homework\ex2-mondaysWorth.test.js" --colors
 FAIL  1-JavaScript/Week4/homework/ex2-mondaysWorth.test.js
  computeEarnings
    √ should take two parameters (3 ms)
    × should compute the earnings as a formatted Euro amount (5 ms)

  ● computeEarnings › should compute the earnings as a formatted Euro amount

    expect(received).toBe(expected) // Object.is equality

    Expected: "€187.50"
    Received: "€NaN"

      49 |     const result = computeEarnings(mondayTasks, hourlyRate);
      50 |     const expected = '€187.50';
    > 51 |     expect(result).toBe(expected);
         |                    ^
      52 |   });
      53 | });
      54 | 

      at Object.<anonymous> (1-JavaScript/Week4/homework/ex2-mondaysWorth.test.js:51:20)

Test Suites: 1 failed, 1 total
Tests:       1 failed, 1 passed, 2 total
Snapshots:   0 total
Time:        2.183 s
Ran all test suites matching /D:\\HYF-homework-JS\\Homework-class33\\1-JavaScript\\Week4\\homework\\ex2-mondaysWorth.test.js/i.
npm ERR! code 1
npm ERR! path D:\HYF-homework-JS\Homework-class33
npm ERR! command failed
npm ERR! command C:\WINDOWS\system32\cmd.exe /d /s /c jest D:\\HYF-homework-JS\\Homework-class33\\1-JavaScript\\Week4\\homework\\ex2-mondaysWorth.test.js --colors

npm ERR! A complete log of this run can be found in:
npm ERR!     C:\Users\31610\AppData\Local\npm-cache\_logs\2021-07-18T17_45_46_714Z-debug.log
)
2021-07-18 07:54:02 info: -------------------------------------------------
2021-07-18 07:54:02 info: >>> Running Unit Test `ex2-mondaysWorth.test` <<<
2021-07-18 07:54:02 info: -------------------------------------------------
2021-07-18 07:54:06 error: *** Unit Test Error Report ***

Command failed: npx jest "D:\HYF-homework-JS\Homework-class33\1-JavaScript\Week4\homework\ex2-mondaysWorth.test.js" --colors
 FAIL  1-JavaScript/Week4/homework/ex2-mondaysWorth.test.js
  computeEarnings
    √ should take two parameters (2 ms)
    × should compute the earnings as a formatted Euro amount (5 ms)

  ● computeEarnings › should compute the earnings as a formatted Euro amount

    expect(received).toBe(expected) // Object.is equality

    Expected: "€187.50"
    Received: "€NaN"

      50 |     const result = computeEarnings(mondayTasks, hourlyRate);
      51 |     const expected = '€187.50';
    > 52 |     expect(result).toBe(expected);
         |                    ^
      53 |   });
      54 | });
      55 | 

      at Object.<anonymous> (1-JavaScript/Week4/homework/ex2-mondaysWorth.test.js:52:20)

Test Suites: 1 failed, 1 total
Tests:       1 failed, 1 passed, 2 total
Snapshots:   0 total
Time:        2.149 s
Ran all test suites matching /D:\\HYF-homework-JS\\Homework-class33\\1-JavaScript\\Week4\\homework\\ex2-mondaysWorth.test.js/i.
npm ERR! code 1
npm ERR! path D:\HYF-homework-JS\Homework-class33
npm ERR! command failed
npm ERR! command C:\WINDOWS\system32\cmd.exe /d /s /c jest D:\\HYF-homework-JS\\Homework-class33\\1-JavaScript\\Week4\\homework\\ex2-mondaysWorth.test.js --colors

npm ERR! A complete log of this run can be found in:
npm ERR!     C:\Users\31610\AppData\Local\npm-cache\_logs\2021-07-18T17_54_06_866Z-debug.log
)
2021-07-18 08:44:40 info: -------------------------------------------------
2021-07-18 08:44:40 info: >>> Running Unit Test `ex2-mondaysWorth.test` <<<
2021-07-18 08:44:40 info: -------------------------------------------------
2021-07-18 08:44:44 error: *** Unit Test Error Report ***

Command failed: npx jest "D:\HYF-homework-JS\Homework-class33\1-JavaScript\Week4\homework\ex2-mondaysWorth.test.js" --colors
 FAIL  1-JavaScript/Week4/homework/ex2-mondaysWorth.test.js
  computeEarnings
    √ should take two parameters (2 ms)
    × should compute the earnings as a formatted Euro amount (3 ms)

  ● computeEarnings › should compute the earnings as a formatted Euro amount

    expect(received).toBe(expected) // Object.is equality

    Expected: "€187.50"
    Received: "€NaN"

      50 |     const result = computeEarnings(mondayTasks, hourlyRate);
      51 |     const expected = '€187.50';
    > 52 |     expect(result).toBe(expected);
         |                    ^
      53 |   });
      54 | });
      55 | 

      at Object.<anonymous> (1-JavaScript/Week4/homework/ex2-mondaysWorth.test.js:52:20)

Test Suites: 1 failed, 1 total
Tests:       1 failed, 1 passed, 2 total
Snapshots:   0 total
Time:        1.397 s, estimated 2 s
Ran all test suites matching /D:\\HYF-homework-JS\\Homework-class33\\1-JavaScript\\Week4\\homework\\ex2-mondaysWorth.test.js/i.
npm ERR! code 1
npm ERR! path D:\HYF-homework-JS\Homework-class33
npm ERR! command failed
npm ERR! command C:\WINDOWS\system32\cmd.exe /d /s /c jest D:\\HYF-homework-JS\\Homework-class33\\1-JavaScript\\Week4\\homework\\ex2-mondaysWorth.test.js --colors

npm ERR! A complete log of this run can be found in:
npm ERR!     C:\Users\31610\AppData\Local\npm-cache\_logs\2021-07-18T18_44_44_601Z-debug.log
)
2021-07-18 08:45:45 info: -------------------------------------------------
2021-07-18 08:45:45 info: >>> Running Unit Test `ex2-mondaysWorth.test` <<<
2021-07-18 08:45:45 info: -------------------------------------------------
2021-07-18 08:45:49 error: *** Unit Test Error Report ***

Command failed: npx jest "D:\HYF-homework-JS\Homework-class33\1-JavaScript\Week4\homework\ex2-mondaysWorth.test.js" --colors
 FAIL  1-JavaScript/Week4/homework/ex2-mondaysWorth.test.js
  computeEarnings
    √ should take two parameters (2 ms)
    × should compute the earnings as a formatted Euro amount (1 ms)

  ● computeEarnings › should compute the earnings as a formatted Euro amount

    TypeError: Cannot read property 'duration' of undefined

      34 |   const taskDurationRate = tasks
      35 |   .map((item) => {item.duration})
    > 36 |   .map((item) => {item.duration * rate});
         |                        ^
      37 |   const sumAllDurations = taskDurationRate.reduce((total, item) => total + item, 0);
      38 |   return `€${sumAllDurations}`;
      39 | }

      at map (1-JavaScript/Week4/homework/ex2-mondaysWorth.test.js:36:24)
          at Array.map (<anonymous>)
      at computeEarnings (1-JavaScript/Week4/homework/ex2-mondaysWorth.test.js:36:4)
      at Object.<anonymous> (1-JavaScript/Week4/homework/ex2-mondaysWorth.test.js:50:20)

Test Suites: 1 failed, 1 total
Tests:       1 failed, 1 passed, 2 total
Snapshots:   0 total
Time:        2.148 s
Ran all test suites matching /D:\\HYF-homework-JS\\Homework-class33\\1-JavaScript\\Week4\\homework\\ex2-mondaysWorth.test.js/i.
npm ERR! code 1
npm ERR! path D:\HYF-homework-JS\Homework-class33
npm ERR! command failed
npm ERR! command C:\WINDOWS\system32\cmd.exe /d /s /c jest D:\\HYF-homework-JS\\Homework-class33\\1-JavaScript\\Week4\\homework\\ex2-mondaysWorth.test.js --colors

npm ERR! A complete log of this run can be found in:
npm ERR!     C:\Users\31610\AppData\Local\npm-cache\_logs\2021-07-18T18_45_49_519Z-debug.log
)
2021-07-18 08:50:00 info: -------------------------------------------------
2021-07-18 08:50:00 info: >>> Running Unit Test `ex2-mondaysWorth.test` <<<
2021-07-18 08:50:00 info: -------------------------------------------------
2021-07-18 08:50:05 error: *** Unit Test Error Report ***

Command failed: npx jest "D:\HYF-homework-JS\Homework-class33\1-JavaScript\Week4\homework\ex2-mondaysWorth.test.js" --colors
 FAIL  1-JavaScript/Week4/homework/ex2-mondaysWorth.test.js
  computeEarnings
    √ should take two parameters (3 ms)
    × should compute the earnings as a formatted Euro amount (4 ms)

  ● computeEarnings › should compute the earnings as a formatted Euro amount

    expect(received).toBe(expected) // Object.is equality

    Expected: "€187.50"
    Received: "€187.5"

      49 |     const result = computeEarnings(mondayTasks, hourlyRate);
      50 |     const expected = '€187.50';
    > 51 |     expect(result).toBe(expected);
         |                    ^
      52 |   });
      53 | });
      54 | 

      at Object.<anonymous> (1-JavaScript/Week4/homework/ex2-mondaysWorth.test.js:51:20)

Test Suites: 1 failed, 1 total
Tests:       1 failed, 1 passed, 2 total
Snapshots:   0 total
Time:        2.184 s
Ran all test suites matching /D:\\HYF-homework-JS\\Homework-class33\\1-JavaScript\\Week4\\homework\\ex2-mondaysWorth.test.js/i.
npm ERR! code 1
npm ERR! path D:\HYF-homework-JS\Homework-class33
npm ERR! command failed
npm ERR! command C:\WINDOWS\system32\cmd.exe /d /s /c jest D:\\HYF-homework-JS\\Homework-class33\\1-JavaScript\\Week4\\homework\\ex2-mondaysWorth.test.js --colors

npm ERR! A complete log of this run can be found in:
npm ERR!     C:\Users\31610\AppData\Local\npm-cache\_logs\2021-07-18T18_50_05_047Z-debug.log
)
2021-07-18 08:53:16 info: -------------------------------------------------
2021-07-18 08:53:16 info: >>> Running Unit Test `ex2-mondaysWorth.test` <<<
2021-07-18 08:53:16 info: -------------------------------------------------
2021-07-18 08:53:19 error: *** Unit Test Error Report ***

Command failed: npx jest "D:\HYF-homework-JS\Homework-class33\1-JavaScript\Week4\homework\ex2-mondaysWorth.test.js" --colors
 FAIL  1-JavaScript/Week4/homework/ex2-mondaysWorth.test.js
  computeEarnings
    √ should take two parameters (2 ms)
    × should compute the earnings as a formatted Euro amount (3 ms)

  ● computeEarnings › should compute the earnings as a formatted Euro amount

    expect(received).toBe(expected) // Object.is equality

    Expected: "€187.50"
    Received: "€188"

      49 |     const result = computeEarnings(mondayTasks, hourlyRate);
      50 |     const expected = '€187.50';
    > 51 |     expect(result).toBe(expected);
         |                    ^
      52 |   });
      53 | });
      54 | 

      at Object.<anonymous> (1-JavaScript/Week4/homework/ex2-mondaysWorth.test.js:51:20)

Test Suites: 1 failed, 1 total
Tests:       1 failed, 1 passed, 2 total
Snapshots:   0 total
Time:        1.449 s, estimated 2 s
Ran all test suites matching /D:\\HYF-homework-JS\\Homework-class33\\1-JavaScript\\Week4\\homework\\ex2-mondaysWorth.test.js/i.
npm ERR! code 1
npm ERR! path D:\HYF-homework-JS\Homework-class33
npm ERR! command failed
npm ERR! command C:\WINDOWS\system32\cmd.exe /d /s /c jest D:\\HYF-homework-JS\\Homework-class33\\1-JavaScript\\Week4\\homework\\ex2-mondaysWorth.test.js --colors

npm ERR! A complete log of this run can be found in:
npm ERR!     C:\Users\31610\AppData\Local\npm-cache\_logs\2021-07-18T18_53_19_784Z-debug.log
)
2021-07-18 09:01:19 info: -------------------------------------------------
2021-07-18 09:01:19 info: >>> Running Unit Test `ex2-mondaysWorth.test` <<<
2021-07-18 09:01:19 info: -------------------------------------------------
2021-07-18 09:01:24 info: All unit tests passed.
2021-07-18 09:01:28 info: All steps were completed successfully
